   3.8551e-01   1.9721e+00   6.8970e+01   1.3643e+00   2.2482e+03   1.3315e+00   3.4994e-02   2.1941e+03   5.7663e+01
   3.8551e-01   1.9721e+00   7.7196e+01   9.2695e-01   1.5274e+03   8.8235e-01   2.5206e-02   1.4539e+03   4.1535e+01
   3.8551e-01   1.9721e+00   8.9994e+01   5.6302e-01   9.2775e+02   5.6336e-01   1.5169e-02   9.2831e+02   2.4996e+01
   3.8551e-01   1.9721e+00   9.3115e+01   5.0671e-01   8.3496e+02   4.8502e-01   1.2652e-02   7.9923e+02   2.0848e+01
   3.8551e-01   1.9721e+00   9.9994e+01   4.0970e-01   6.7511e+02   4.1002e-01   1.1767e-02   6.7563e+02   1.9389e+01
   3.8551e-01   1.9721e+00   1.0074e+02   4.0104e-01   6.6084e+02   3.9846e-01   1.1870e-02   6.5659e+02   1.9560e+01
   3.8551e-01   1.9721e+00   1.0807e+02   3.2952e-01   5.4299e+02   3.1853e-01   1.0339e-02   5.2488e+02   1.7036e+01
   3.9419e-01   1.9808e+00   6.8970e+01   1.3058e+00   2.0056e+03   1.2579e+00   3.4809e-02   1.9320e+03   5.3463e+01
   3.9419e-01   1.9808e+00   9.3115e+01   4.8514e-01   7.4514e+02   4.7557e-01   1.3992e-02   7.3044e+02   2.1491e+01
   3.9419e-01   1.9808e+00   9.9994e+01   3.9232e-01   6.0257e+02   3.8415e-01   1.1414e-02   5.9002e+02   1.7531e+01
   3.9419e-01   1.9808e+00   1.0074e+02   3.8403e-01   5.8985e+02   3.7934e-01   1.1269e-02   5.8264e+02   1.7309e+01
   3.9419e-01   1.9808e+00   1.0807e+02   3.1561e-01   4.8475e+02   3.0132e-01   9.7537e-03   4.6281e+02   1.4981e+01
   4.0287e-01   1.9895e+00   6.8970e+01   1.2510e+00   1.7956e+03   1.1815e+00   3.4234e-02   1.6957e+03   4.9134e+01
   4.0287e-01   1.9895e+00   9.3115e+01   4.6498e-01   6.6737e+02   4.4304e-01   1.3090e-02   6.3587e+02   1.8788e+01
   4.0287e-01   1.9895e+00   9.9994e+01   3.7607e-01   5.3976e+02   3.8137e-01   1.1509e-02   5.4736e+02   1.6518e+01
   4.0287e-01   1.9895e+00   1.0074e+02   3.6814e-01   5.2837e+02   3.6297e-01   1.0721e-02   5.2095e+02   1.5388e+01
   4.0287e-01   1.9895e+00   1.0807e+02   3.0260e-01   4.3431e+02   2.9735e-01   9.2686e-03   4.2677e+02   1.3303e+01


   4.7935e-01   2.0659e+00   6.0607e+01   1.4086e+00   1.2178e+03   1.3297e+00   3.1982e-02   1.1496e+03   2.7650e+01
   4.7935e-01   2.0659e+00   6.8970e+01   8.9207e-01   7.7123e+02   8.3081e-01   2.3698e-02   7.1827e+02   2.0488e+01
   4.7935e-01   2.0659e+00   7.7196e+01   6.0716e-01   5.2491e+02   5.6431e-01   1.5831e-02   4.8786e+02   1.3687e+01
   4.7935e-01   2.0659e+00   8.9993e+01   3.6969e-01   3.1961e+02   3.3044e-01   8.1996e-03   2.8568e+02   7.0888e+00
   4.7935e-01   2.0659e+00   9.3115e+01   3.3291e-01   2.8782e+02   3.0013e-01   8.3964e-03   2.5948e+02   7.2590e+00
   4.7935e-01   2.0659e+00   9.9993e+01   2.6964e-01   2.3312e+02   2.5526e-01   6.5335e-03   2.2068e+02   5.6485e+00
   4.7935e-01   2.0659e+00   1.0074e+02   2.6399e-01   2.2823e+02   2.5430e-01   7.6709e-03   2.1985e+02   6.6318e+00
   4.7935e-01   2.0659e+00   1.0807e+02   2.1741e-01   1.8796e+02   1.9967e-01   6.9431e-03   1.7262e+02   6.0026e+00
   4.7935e-01   2.0659e+00   1.0999e+02   2.0756e-01   1.7944e+02   1.8898e-01   7.2491e-03   1.6338e+02   6.2671e+00
   4.8711e-01   2.0737e+00   5.2133e+01   2.3618e+00   1.9541e+03   2.1673e+00   5.8999e-02   1.7932e+03   4.8815e+01
   4.8711e-01   2.0737e+00   6.0607e+01   1.3655e+00   1.1298e+03   1.2481e+00   3.2922e-02   1.0327e+03   2.7239e+01
   4.8711e-01   2.0737e+00   6.8970e+01   8.6497e-01   7.1566e+02   8.1972e-01   2.0588e-02   6.7822e+02   1.7034e+01
   4.8711e-01   2.0737e+00   9.3115e+01   3.2295e-01   2.6720e+02   2.9501e-01   8.4952e-03   2.4409e+02   7.0288e+00
   4.8711e-01   2.0737e+00   9.9993e+01   2.6161e-01   2.1645e+02   2.5280e-01   6.9040e-03   2.0917e+02   5.7123e+00
   4.8711e-01   2.0737e+00   1.0074e+02   2.5613e-01   2.1192e+02   2.3104e-01   7.6677e-03   1.9116e+02   6.3442e+00
   4.8711e-01   2.0737e+00   1.0807e+02   2.1099e-01   1.7457e+02   1.9621e-01   7.4287e-03   1.6234e+02   6.1464e+00
   4.8711e-01   2.0737e+00   1.0999e+02   2.0143e-01   1.6666e+02   1.9043e-01   5.2592e-03   1.5756e+02   4.3514e+00
   4.8711e-01   2.0737e+00   1.1999e+02   1.6265e-01   1.3458e+02   1.4744e-01   4.1840e-03   1.2199e+02   3.4618e+00
   4.9487e-01   2.0815e+00   5.2133e+01   2.2900e+00   1.8154e+03   2.1218e+00   5.9267e-02   1.6821e+03   4.6984e+01
   4.9487e-01   2.0815e+00   6.0607e+01   1.3244e+00   1.0499e+03   1.2274e+00   3.3618e-02   9.7306e+02   2.6651e+01
   4.9487e-01   2.0815e+00   6.8970e+01   8.3916e-01   6.6525e+02   7.5655e-01   1.9362e-02   5.9976e+02   1.5349e+01
   4.9487e-01   2.0815e+00   7.7196e+01   5.7136e-01   4.5294e+02   5.3158e-01   2.0303e-02   4.2141e+02   1.6096e+01
   4.9487e-01   2.0815e+00   8.9992e+01   3.4805e-01   2.7592e+02   3.1720e-01   8.5895e-03   2.5146e+02   6.8094e+00
   4.9487e-01   2.0815e+00   9.3115e+01   3.1346e-01   2.4850e+02   2.9296e-01   7.5945e-03   2.3224e+02   6.0206e+00
   4.9487e-01   2.0815e+00   9.9993e+01   2.5397e-01   2.0133e+02   2.4335e-01   6.6172e-03   1.9292e+02   5.2458e+00
   4.9487e-01   2.0815e+00   1.0074e+02   2.4865e-01   1.9712e+02   2.2792e-01   6.6247e-03   1.8068e+02   5.2518e+00
   4.9487e-01   2.0815e+00   1.0807e+02   2.0487e-01   1.6241e+02   1.8675e-01   6.3130e-03   1.4805e+02   5.0047e+00
   4.9487e-01   2.0815e+00   1.0999e+02   1.9560e-01   1.5507e+02   1.8933e-01   6.1151e-03   1.5009e+02   4.8478e+00
   4.9487e-01   2.0815e+00   1.1999e+02   1.5801e-01   1.2526e+02   1.4940e-01   3.9139e-03   1.1844e+02   3.1028e+00


   7.2372e-01   2.3103e+00   3.9260e+01   3.1596e+00   1.0214e+03   3.2159e+00   8.3132e-02   1.0396e+03   2.6873e+01
   7.2372e-01   2.3103e+00   4.3569e+01   2.1477e+00   6.9426e+02   2.3007e+00   6.4190e-02   7.4371e+02   2.0750e+01
   7.2372e-01   2.3103e+00   6.0607e+01   6.5719e-01   2.1244e+02   7.2215e-01   1.8751e-02   2.3344e+02   6.0613e+00
   7.2372e-01   2.3103e+00   6.8970e+01   4.2080e-01   1.3602e+02   4.6220e-01   1.1766e-02   1.4941e+02   3.8033e+00
   7.2372e-01   2.3103e+00   6.9990e+01   4.0034e-01   1.2941e+02   4.1306e-01   8.9442e-03   1.3352e+02   2.8912e+00
   7.2372e-01   2.3103e+00   7.7196e+01   2.8844e-01   9.3238e+01   3.0723e-01   7.6649e-03   9.9314e+01   2.4777e+00
   7.2372e-01   2.3103e+00   8.9989e+01   1.7685e-01   5.7168e+01   1.9133e-01   4.3349e-03   6.1849e+01   1.4013e+00
   7.2372e-01   2.3103e+00   9.3115e+01   1.5948e-01   5.1553e+01   1.6642e-01   4.1939e-03   5.3796e+01   1.3557e+00
   7.2372e-01   2.3103e+00   9.9989e+01   1.2970e-01   4.1925e+01   1.3970e-01   3.1828e-03   4.5159e+01   1.0289e+00
   7.2372e-01   2.3103e+00   1.0074e+02   1.2703e-01   4.1063e+01   1.3903e-01   3.3363e-03   4.4941e+01   1.0785e+00
   7.2372e-01   2.3103e+00   1.0807e+02   1.0527e-01   3.4028e+01   1.1309e-01   2.8394e-03   3.6557e+01   9.1786e-01
   7.2372e-01   2.3103e+00   1.0999e+02   1.0070e-01   3.2552e+01   1.0926e-01   2.5934e-03   3.5319e+01   8.3833e-01
   7.2372e-01   2.3103e+00   1.2171e+02   7.9970e-02   2.5851e+01   8.6791e-02   2.3785e-03   2.8056e+01   7.6886e-01
   7.2372e-01   2.3103e+00   1.2999e+02   7.0597e-02   2.2821e+01   7.6893e-02   2.4004e-03   2.4856e+01   7.7592e-01
   7.2372e-01   2.3103e+00   1.3499e+02   6.6381e-02   2.1458e+01   7.5203e-02   1.9506e-03   2.4310e+01   6.3053e-01
   7.3017e-01   2.3168e+00   3.9260e+01   3.1067e+00   9.8621e+02   3.1336e+00   8.7629e-02   9.9473e+02   2.7817e+01
   7.3017e-01   2.3168e+00   4.3569e+01   2.1126e+00   6.7062e+02   2.1426e+00   5.5770e-02   6.8015e+02   1.7704e+01
   7.3017e-01   2.3168e+00   5.2133e+01   1.1020e+00   3.4984e+02   1.1408e+00   2.8177e-02   3.6214e+02   8.9446e+00
   7.3017e-01   2.3168e+00   6.0607e+01   6.4722e-01   2.0546e+02   6.6507e-01   1.6270e-02   2.1112e+02   5.1649e+00
   7.3017e-01   2.3168e+00   6.8970e+01   4.1456e-01   1.3160e+02   4.3352e-01   1.0556e-02   1.3762e+02   3.3510e+00
   7.3017e-01   2.3168e+00   6.9989e+01   3.9443e-01   1.2521e+02   4.2498e-01   9.1241e-03   1.3491e+02   2.8964e+00
   7.3017e-01   2.3168e+00   9.3115e+01   1.5717e-01   4.9894e+01   1.6480e-01   4.1143e-03   5.2314e+01   1.3061e+00
   7.3017e-01   2.3168e+00   9.9989e+01   1.2783e-01   4.0579e+01   1.3687e-01   3.4914e-03   4.3448e+01   1.1083e+00
   7.3017e-01   2.3168e+00   1.0074e+02   1.2520e-01   3.9744e+01   1.3530e-01   3.2242e-03   4.2950e+01   1.0235e+00
   7.3017e-01   2.3168e+00   1.0807e+02   1.0376e-01   3.2939e+01   1.1003e-01   2.7486e-03   3.4928e+01   8.7252e-01
   7.3017e-01   2.3168e+00   1.0999e+02   9.9268e-02   3.1512e+01   1.0592e-01   2.3858e-03   3.3622e+01   7.5737e-01
   7.3017e-01   2.3168e+00   1.1999e+02   8.1228e-02   2.5785e+01   9.0755e-02   2.1742e-03   2.8810e+01   6.9020e-01
   7.3017e-01   2.3168e+00   1.2999e+02   6.9651e-02   2.2110e+01   7.4722e-02   2.9661e-03   2.3720e+01   9.4157e-01
   7.3017e-01   2.3168e+00   1.3499e+02   6.5510e-02   2.0796e+01   7.4789e-02   2.0493e-03   2.3741e+01   6.5053e-01
   7.3662e-01   2.3232e+00   3.9260e+01   3.0553e+00   9.5275e+02   3.1749e+00   8.9241e-02   9.9002e+02   2.7828e+01
   7.3662e-01   2.3232e+00   4.3569e+01   2.0784e+00   6.4810e+02   2.1222e+00   5.7910e-02   6.6176e+02   1.8058e+01
   7.3662e-01   2.3232e+00   5.2133e+01   1.0850e+00   3.3832e+02   1.1887e+00   2.8240e-02   3.7067e+02   8.8059e+00
   7.3662e-01   2.3232e+00   6.0607e+01   6.3754e-01   1.9880e+02   6.7809e-01   1.6442e-02   2.1145e+02   5.1272e+00
   7.3662e-01   2.3232e+00   6.8970e+01   4.0851e-01   1.2739e+02   4.3548e-01   1.0665e-02   1.3580e+02   3.3258e+00
   7.3662e-01   2.3232e+00   6.9989e+01   3.8868e-01   1.2120e+02   4.3687e-01   1.1544e-02   1.3623e+02   3.5997e+00
   7.3662e-01   2.3232e+00   7.7196e+01   2.8013e-01   8.7353e+01   3.0031e-01   7.5750e-03   9.3646e+01   2.3621e+00
   7.3662e-01   2.3232e+00   8.9989e+01   1.7180e-01   5.3574e+01   1.8102e-01   4.5361e-03   5.6449e+01   1.4145e+00
   7.3662e-01   2.3232e+00   9.3115e+01   1.5493e-01   4.8313e+01   1.7129e-01   3.6228e-03   5.3413e+01   1.1297e+00
   7.3662e-01   2.3232e+00   9.9989e+01   1.2601e-01   3.9295e+01   1.3813e-01   3.2416e-03   4.3072e+01   1.0108e+00
   7.3662e-01   2.3232e+00   1.0074e+02   1.2342e-01   3.8487e+01   1.3149e-01   3.0925e-03   4.1004e+01   9.6432e-01
   7.3662e-01   2.3232e+00   1.0807e+02   1.0230e-01   3.1900e+01   1.0698e-01   2.9915e-03   3.3360e+01   9.3284e-01
   7.3662e-01   2.3232e+00   1.0999e+02   9.7875e-02   3.0520e+01   1.0645e-01   2.4822e-03   3.3195e+01   7.7403e-01
   7.3662e-01   2.3232e+00   1.1999e+02   8.0114e-02   2.4982e+01   8.8483e-02   2.2573e-03   2.7592e+01   7.0390e-01
   7.3662e-01   2.3232e+00   1.2999e+02   6.8731e-02   2.1432e+01   7.6871e-02   2.9838e-03   2.3971e+01   9.3043e-01
   7.3662e-01   2.3232e+00   1.3499e+02   6.4665e-02   2.0164e+01   7.5031e-02   2.7208e-03   2.3397e+01   8.4843e-01


   9.9248e-01   2.5791e+00   3.9260e+01   1.7750e+00   3.2272e+02   1.6730e+00   3.8047e-02   3.0417e+02   6.9175e+00
   9.9248e-01   2.5791e+00   4.3569e+01   1.2294e+00   2.2353e+02   1.2824e+00   3.0263e-02   2.3316e+02   5.5022e+00
   9.9248e-01   2.5791e+00   6.0607e+01   3.9931e-01   7.2600e+01   4.2005e-01   9.6892e-03   7.6371e+01   1.7616e+00
   9.9248e-01   2.5791e+00   6.8970e+01   2.5990e-01   4.7253e+01   2.6678e-01   5.9072e-03   4.8504e+01   1.0740e+00
   9.9248e-01   2.5791e+00   6.9986e+01   2.4765e-01   4.5027e+01   2.4884e-01   5.7527e-03   4.5242e+01   1.0459e+00
   9.9248e-01   2.5791e+00   7.7196e+01   1.7958e-01   3.2650e+01   1.8703e-01   4.4338e-03   3.4004e+01   8.0612e-01
   9.9248e-01   2.5791e+00   8.9985e+01   1.1027e-01   2.0049e+01   1.1111e-01   2.6314e-03   2.0201e+01   4.7843e-01
   9.9248e-01   2.5791e+00   9.3115e+01   9.9365e-02   1.8066e+01   1.0249e-01   2.7441e-03   1.8633e+01   4.9891e-01
   9.9248e-01   2.5791e+00   9.9985e+01   8.0741e-02   1.4680e+01   8.5267e-02   2.3410e-03   1.5503e+01   4.2562e-01
   9.9248e-01   2.5791e+00   1.0074e+02   7.9071e-02   1.4376e+01   8.1074e-02   2.5393e-03   1.4740e+01   4.6169e-01
   9.9248e-01   2.5791e+00   1.0807e+02   6.5651e-02   1.1936e+01   6.7338e-02   2.1377e-03   1.2243e+01   3.8866e-01
   9.9248e-01   2.5791e+00   1.0999e+02   6.2888e-02   1.1434e+01   6.5211e-02   1.8910e-03   1.1856e+01   3.4380e-01
   9.9248e-01   2.5791e+00   1.2171e+02   5.0734e-02   9.2241e+00   5.0801e-02   2.1148e-03   9.2364e+00   3.8450e-01
   9.9248e-01   2.5791e+00   1.2999e+02   4.5676e-02   8.3046e+00   4.6954e-02   1.8074e-03   8.5370e+00   3.2862e-01
   9.9248e-01   2.5791e+00   1.3499e+02   4.3570e-02   7.9217e+00   4.6851e-02   1.9674e-03   8.5181e+00   3.5771e-01
   9.9248e-01   2.5791e+00   1.3890e+02   4.2300e-02   7.6908e+00   4.2141e-02   2.0467e-03   7.6619e+00   3.7211e-01
   9.9786e-01   2.5845e+00   3.9260e+01   1.7585e+00   3.1696e+02   1.6852e+00   3.9743e-02   3.0376e+02   7.1635e+00
   9.9786e-01   2.5845e+00   4.3569e+01   1.2185e+00   2.1963e+02   1.1875e+00   2.6562e-02   2.1405e+02   4.7877e+00
   9.9786e-01   2.5845e+00   5.2133e+01   6.5761e-01   1.1853e+02   6.5589e-01   1.3983e-02   1.1822e+02   2.5203e+00
   9.9786e-01   2.5845e+00   6.0607e+01   3.9628e-01   7.1428e+01   4.0373e-01   9.1054e-03   7.2771e+01   1.6412e+00
   9.9786e-01   2.5845e+00   6.8970e+01   2.5802e-01   4.6507e+01   2.5409e-01   5.7429e-03   4.5798e+01   1.0351e+00
   9.9786e-01   2.5845e+00   6.9986e+01   2.4587e-01   4.4317e+01   2.4907e-01   5.5941e-03   4.4894e+01   1.0083e+00
   9.9786e-01   2.5845e+00   9.3115e+01   9.8649e-02   1.7781e+01   9.8709e-02   2.6225e-03   1.7792e+01   4.7269e-01
   9.9786e-01   2.5845e+00   9.9985e+01   8.0153e-02   1.4447e+01   8.2478e-02   2.1835e-03   1.4866e+01   3.9356e-01
   9.9786e-01   2.5845e+00   1.0074e+02   7.8494e-02   1.4148e+01   8.1400e-02   2.5618e-03   1.4672e+01   4.6175e-01
   9.9786e-01   2.5845e+00   1.0807e+02   6.5171e-02   1.1747e+01   6.5541e-02   2.3069e-03   1.1813e+01   4.1581e-01
   9.9786e-01   2.5845e+00   1.0999e+02   6.2429e-02   1.1253e+01   6.4079e-02   1.9206e-03   1.1550e+01   3.4617e-01
   9.9786e-01   2.5845e+00   1.1999e+02   5.1724e-02   9.3231e+00   5.4218e-02   1.3267e-03   9.7726e+00   2.3914e-01
   9.9786e-01   2.5845e+00   1.2999e+02   4.5377e-02   8.1790e+00   4.6619e-02   1.7932e-03   8.4029e+00   3.2321e-01
   9.9786e-01   2.5845e+00   1.3499e+02   4.3299e-02   7.8045e+00   4.7413e-02   1.8819e-03   8.5461e+00   3.3920e-01
   1.0032e+00   2.5898e+00   3.9260e+01   1.7422e+00   3.1135e+02   1.7236e+00   3.9132e-02   3.0801e+02   6.9931e+00
   1.0032e+00   2.5898e+00   4.3569e+01   1.2078e+00   2.1584e+02   1.1753e+00   2.5732e-02   2.1003e+02   4.5985e+00
   1.0032e+00   2.5898e+00   5.2133e+01   6.5232e-01   1.1657e+02   6.6615e-01   1.4929e-02   1.1905e+02   2.6680e+00
   1.0032e+00   2.5898e+00   6.0607e+01   3.9331e-01   7.0287e+01   3.9792e-01   9.0096e-03   7.1110e+01   1.6101e+00
   1.0032e+00   2.5898e+00   6.8970e+01   2.5617e-01   4.5779e+01   2.5577e-01   5.8226e-03   4.5707e+01   1.0405e+00
   1.0032e+00   2.5898e+00   6.9986e+01   2.4412e-01   4.3625e+01   2.4909e-01   5.6205e-03   4.4513e+01   1.0044e+00
   1.0032e+00   2.5898e+00   7.7196e+01   1.7705e-01   3.1640e+01   1.8628e-01   4.4515e-03   3.3290e+01   7.9550e-01
   1.0032e+00   2.5898e+00   8.9985e+01   1.0870e-01   1.9426e+01   1.0982e-01   3.4641e-03   1.9626e+01   6.1905e-01
   1.0032e+00   2.5898e+00   9.3115e+01   9.7944e-02   1.7503e+01   9.8464e-02   2.6855e-03   1.7596e+01   4.7991e-01
   1.0032e+00   2.5898e+00   9.9985e+01   7.9574e-02   1.4220e+01   8.2256e-02   2.3432e-03   1.4700e+01   4.1874e-01
   1.0032e+00   2.5898e+00   1.0074e+02   7.7926e-02   1.3926e+01   7.8254e-02   2.4252e-03   1.3984e+01   4.3339e-01
   1.0032e+00   2.5898e+00   1.0807e+02   6.4698e-02   1.1562e+01   6.5464e-02   2.2242e-03   1.1699e+01   3.9748e-01
   1.0032e+00   2.5898e+00   1.0999e+02   6.1978e-02   1.1076e+01   6.4051e-02   1.9367e-03   1.1446e+01   3.4610e-01
   1.0032e+00   2.5898e+00   1.1999e+02   5.1362e-02   9.1787e+00   5.4328e-02   1.5946e-03   9.7087e+00   2.8497e-01
   1.0032e+00   2.5898e+00   1.2999e+02   4.5083e-02   8.0565e+00   4.6166e-02   1.6025e-03   8.2502e+00   2.8637e-01
   1.0032e+00   2.5898e+00   1.3499e+02   4.3032e-02   7.6901e+00   4.7483e-02   1.8078e-03   8.4855e+00   3.2307e-01


   1.2092e+00   2.7958e+00   3.9260e+01   1.2798e+00   1.7369e+02   1.2922e+00   2.7426e-02   1.7538e+02   3.7222e+00
   1.2092e+00   2.7958e+00   4.3569e+01   9.0297e-01   1.2255e+02   9.3260e-01   1.9851e-02   1.2657e+02   2.6941e+00
   1.2092e+00   2.7958e+00   4.9986e+01   5.7595e-01   7.8165e+01   5.9007e-01   1.2888e-02   8.0082e+01   1.7491e+00
   1.2092e+00   2.7958e+00   5.9984e+01   3.2019e-01   4.3455e+01   3.3377e-01   7.1686e-03   4.5297e+01   9.7290e-01
   1.2092e+00   2.7958e+00   6.0607e+01   3.0973e-01   4.2035e+01   3.1923e-01   6.5906e-03   4.3324e+01   8.9444e-01
   1.2092e+00   2.7958e+00   6.8970e+01   2.0425e-01   2.7720e+01   2.1225e-01   4.4362e-03   2.8806e+01   6.0206e-01
   1.2092e+00   2.7958e+00   6.9983e+01   1.9485e-01   2.6444e+01   2.0416e-01   4.3175e-03   2.7708e+01   5.8595e-01
   1.2092e+00   2.7958e+00   7.7196e+01   1.4175e-01   1.9238e+01   1.4434e-01   3.0585e-03   1.9590e+01   4.1509e-01
   1.2092e+00   2.7958e+00   8.9981e+01   8.6587e-02   1.1751e+01   8.6769e-02   1.8814e-03   1.1776e+01   2.5534e-01
   1.2092e+00   2.7958e+00   9.3115e+01   7.7824e-02   1.0562e+01   7.9726e-02   1.7905e-03   1.0820e+01   2.4300e-01
   1.2092e+00   2.7958e+00   9.9982e+01   6.2932e-02   8.5409e+00   6.5711e-02   1.5834e-03   8.9181e+00   2.1489e-01
   1.2092e+00   2.7958e+00   1.0074e+02   6.1599e-02   8.3599e+00   6.3513e-02   1.4952e-03   8.6197e+00   2.0292e-01
   1.2092e+00   2.7958e+00   1.0807e+02   5.1060e-02   6.9296e+00   5.2621e-02   1.3311e-03   7.1416e+00   1.8065e-01
   1.2092e+00   2.7958e+00   1.0998e+02   4.8938e-02   6.6417e+00   5.0535e-02   1.3015e-03   6.8584e+00   1.7664e-01
   1.2092e+00   2.7958e+00   1.2171e+02   4.0016e-02   5.4308e+00   4.1432e-02   1.2228e-03   5.6230e+00   1.6595e-01
   1.2092e+00   2.7958e+00   1.2999e+02   3.6755e-02   4.9883e+00   3.8487e-02   1.0172e-03   5.2233e+00   1.3805e-01
   1.2092e+00   2.7958e+00   1.3499e+02   3.5588e-02   4.8298e+00   3.6473e-02   1.3210e-03   4.9500e+00   1.7929e-01
   1.2092e+00   2.7958e+00   1.3890e+02   3.4983e-02   4.7477e+00   3.5331e-02   1.4628e-03   4.7950e+00   1.9853e-01
   1.2139e+00   2.8005e+00   3.9260e+01   1.2719e+00   1.7169e+02   1.2544e+00   2.6884e-02   1.6933e+02   3.6291e+00
   1.2139e+00   2.8005e+00   4.3569e+01   8.9775e-01   1.2119e+02   8.9098e-01   1.8809e-02   1.2027e+02   2.5390e+00
   1.2139e+00   2.8005e+00   4.9986e+01   5.7294e-01   7.7341e+01   6.0279e-01   1.3582e-02   8.1371e+01   1.8335e+00
   1.2139e+00   2.8005e+00   5.2133e+01   5.0016e-01   6.7517e+01   5.0453e-01   1.0615e-02   6.8106e+01   1.4329e+00
   1.2139e+00   2.8005e+00   5.9984e+01   3.1871e-01   4.3023e+01   3.2861e-01   6.9060e-03   4.4359e+01   9.3224e-01
   1.2139e+00   2.8005e+00   6.0607e+01   3.0831e-01   4.1619e+01   3.1450e-01   6.6360e-03   4.2454e+01   8.9580e-01
   1.2139e+00   2.8005e+00   6.8970e+01   2.0337e-01   2.7453e+01   2.0717e-01   4.3835e-03   2.7966e+01   5.9173e-01
   1.2139e+00   2.8005e+00   6.9982e+01   1.9401e-01   2.6190e+01   1.9755e-01   4.1742e-03   2.6667e+01   5.6348e-01
   1.2139e+00   2.8005e+00   9.3115e+01   7.7476e-02   1.0459e+01   7.9329e-02   1.7927e-03   1.0709e+01   2.4200e-01
   1.2139e+00   2.8005e+00   9.9982e+01   6.2643e-02   8.4561e+00   6.4944e-02   1.5910e-03   8.7668e+00   2.1477e-01
   1.2139e+00   2.8005e+00   1.0074e+02   6.1314e-02   8.2768e+00   6.4115e-02   1.4704e-03   8.6549e+00   1.9849e-01
   1.2139e+00   2.8005e+00   1.0807e+02   5.0821e-02   6.8604e+00   5.1630e-02   1.3220e-03   6.9695e+00   1.7845e-01
   1.2139e+00   2.8005e+00   1.0998e+02   4.8711e-02   6.5754e+00   5.0227e-02   1.4254e-03   6.7802e+00   1.9241e-01
   1.2139e+00   2.8005e+00   1.1998e+02   4.0780e-02   5.5049e+00   4.2043e-02   1.0555e-03   5.6754e+00   1.4249e-01
   1.2139e+00   2.8005e+00   1.2999e+02   3.6615e-02   4.9427e+00   3.7010e-02   1.2315e-03   4.9959e+00   1.6624e-01
   1.2139e+00   2.8005e+00   1.3499e+02   3.5465e-02   4.7874e+00   3.7080e-02   1.1838e-03   5.0054e+00   1.5980e-01
   1.2187e+00   2.8053e+00   3.9260e+01   1.2640e+00   1.6973e+02   1.2184e+00   2.6505e-02   1.6359e+02   3.5589e+00
   1.2187e+00   2.8053e+00   4.3569e+01   8.9259e-01   1.1985e+02   8.7988e-01   1.8592e-02   1.1814e+02   2.4963e+00
   1.2187e+00   2.8053e+00   4.9986e+01   5.6996e-01   7.6530e+01   5.6965e-01   1.2031e-02   7.6488e+01   1.6154e+00
   1.2187e+00   2.8053e+00   5.2133e+01   4.9764e-01   6.6820e+01   5.0570e-01   1.0904e-02   6.7901e+01   1.4641e+00
   1.2187e+00   2.8053e+00   5.9984e+01   3.1726e-01   4.2599e+01   3.3223e-01   7.0019e-03   4.4609e+01   9.4016e-01
   1.2187e+00   2.8053e+00   6.0607e+01   3.0691e-01   4.1210e+01   3.0718e-01   6.5793e-03   4.1246e+01   8.8342e-01
   1.2187e+00   2.8053e+00   6.8970e+01   2.0250e-01   2.7191e+01   2.0352e-01   4.3302e-03   2.7328e+01   5.8143e-01
   1.2187e+00   2.8053e+00   6.9982e+01   1.9319e-01   2.5940e+01   2.0031e-01   4.2603e-03   2.6896e+01   5.7204e-01
   1.2187e+00   2.8053e+00   7.7196e+01   1.4056e-01   1.8873e+01   1.4403e-01   3.2427e-03   1.9340e+01   4.3541e-01
   1.2187e+00   2.8053e+00   8.9981e+01   8.5830e-02   1.1525e+01   8.7210e-02   2.2594e-03   1.1710e+01   3.0337e-01
   1.2187e+00   2.8053e+00   9.3115e+01   7.7132e-02   1.0357e+01   7.9639e-02   1.7753e-03   1.0693e+01   2.3837e-01
   1.2187e+00   2.8053e+00   9.9982e+01   6.2356e-02   8.3727e+00   6.5068e-02   1.5215e-03   8.7368e+00   2.0429e-01
   1.2187e+00   2.8053e+00   1.0074e+02   6.1033e-02   8.1951e+00   6.1530e-02   1.4419e-03   8.2617e+00   1.9361e-01
   1.2187e+00   2.8053e+00   1.0807e+02   5.0586e-02   6.7923e+00   5.0583e-02   1.2701e-03   6.7919e+00   1.7054e-01
   1.2187e+00   2.8053e+00   1.0998e+02   4.8485e-02   6.5102e+00   4.8465e-02   1.2263e-03   6.5076e+00   1.6465e-01
   1.2187e+00   2.8053e+00   1.1998e+02   4.0602e-02   5.4518e+00   4.2299e-02   1.1832e-03   5.6796e+00   1.5887e-01
   1.2187e+00   2.8053e+00   1.2999e+02   3.6476e-02   4.8978e+00   3.6147e-02   1.2443e-03   4.8536e+00   1.6708e-01
   1.2187e+00   2.8053e+00   1.3499e+02   3.5343e-02   4.7456e+00   3.6592e-02   1.1129e-03   4.9133e+00   1.4943e-01


   1.4877e+00   3.0743e+00   3.9260e+01   9.4053e-01   9.8668e+01   9.3702e-01   1.9629e-02   9.8301e+01   2.0592e+00
   1.4877e+00   3.0743e+00   4.3569e+01   6.8035e-01   7.1373e+01   6.5752e-01   1.3466e-02   6.8979e+01   1.4127e+00
   1.4877e+00   3.0743e+00   4.9982e+01   4.4817e-01   4.7016e+01   4.6492e-01   1.0031e-02   4.8774e+01   1.0523e+00
   1.4877e+00   3.0743e+00   5.9980e+01   2.5806e-01   2.7072e+01   2.5788e-01   5.7583e-03   2.7054e+01   6.0409e-01
   1.4877e+00   3.0743e+00   6.0607e+01   2.4997e-01   2.6224e+01   2.4639e-01   5.2872e-03   2.5849e+01   5.5467e-01
   1.4877e+00   3.0743e+00   6.8970e+01   1.6719e-01   1.7540e+01   1.6559e-01   3.6265e-03   1.7372e+01   3.8044e-01
   1.4877e+00   3.0743e+00   6.9978e+01   1.5966e-01   1.6750e+01   1.5624e-01   3.6534e-03   1.6390e+01   3.8327e-01
   1.4877e+00   3.0743e+00   7.7196e+01   1.1630e-01   1.2201e+01   1.1586e-01   2.6667e-03   1.2155e+01   2.7975e-01
   1.4877e+00   3.0743e+00   8.9977e+01   7.0153e-02   7.3595e+00   6.8308e-02   1.6232e-03   7.1660e+00   1.7029e-01
   1.4877e+00   3.0743e+00   9.3115e+01   6.2764e-02   6.5844e+00   6.1189e-02   1.7195e-03   6.4192e+00   1.8039e-01
   1.4877e+00   3.0743e+00   9.9977e+01   5.0339e-02   5.2810e+00   4.9928e-02   1.2237e-03   5.2378e+00   1.2838e-01
   1.4877e+00   3.0743e+00   1.0074e+02   4.9234e-02   5.1650e+00   4.8829e-02   1.4296e-03   5.1226e+00   1.4997e-01
   1.4877e+00   3.0743e+00   1.0807e+02   4.0737e-02   4.2737e+00   4.1158e-02   1.3424e-03   4.3178e+00   1.4082e-01
   1.4877e+00   3.0743e+00   1.0998e+02   3.9095e-02   4.1013e+00   3.8865e-02   1.0233e-03   4.0772e+00   1.0735e-01
   1.4877e+00   3.0743e+00   1.2171e+02   3.2761e-02   3.4369e+00   3.1481e-02   1.4226e-03   3.3026e+00   1.4924e-01
   1.4877e+00   3.0743e+00   1.2998e+02   3.1069e-02   3.2594e+00   3.0720e-02   7.7030e-04   3.2228e+00   8.0810e-02
   1.4877e+00   3.0743e+00   1.3498e+02   3.0753e-02   3.2262e+00   3.0238e-02   1.0352e-03   3.1722e+00   1.0860e-01
   1.4877e+00   3.0743e+00   1.3890e+02   3.0761e-02   3.2270e+00   3.1395e-02   1.7667e-03   3.2935e+00   1.8534e-01
   1.4920e+00   3.0786e+00   3.9260e+01   9.3675e-01   9.7953e+01   9.4041e-01   2.0861e-02   9.8335e+01   2.1814e+00
   1.4920e+00   3.0786e+00   4.3569e+01   6.7787e-01   7.0883e+01   6.5980e-01   1.3507e-02   6.8993e+01   1.4124e+00
   1.4920e+00   3.0786e+00   4.9982e+01   4.4675e-01   4.6715e+01   4.5914e-01   1.0012e-02   4.8011e+01   1.0469e+00
   1.4920e+00   3.0786e+00   5.2133e+01   3.9349e-01   4.1146e+01   3.8977e-01   8.2984e-03   4.0757e+01   8.6773e-01
   1.4920e+00   3.0786e+00   5.9980e+01   2.5738e-01   2.6913e+01   2.5530e-01   5.6556e-03   2.6696e+01   5.9139e-01
   1.4920e+00   3.0786e+00   6.0607e+01   2.4932e-01   2.6070e+01   2.4824e-01   5.2856e-03   2.5957e+01   5.5270e-01
   1.4920e+00   3.0786e+00   6.8970e+01   1.6678e-01   1.7440e+01   1.6508e-01   4.1163e-03   1.7262e+01   4.3043e-01
   1.4920e+00   3.0786e+00   6.9978e+01   1.5927e-01   1.6655e+01   1.5495e-01   3.6291e-03   1.6203e+01   3.7948e-01
   1.4920e+00   3.0786e+00   9.3115e+01   6.2593e-02   6.5452e+00   6.1992e-02   1.6513e-03   6.4823e+00   1.7267e-01
   1.4920e+00   3.0786e+00   9.9977e+01   5.0196e-02   5.2488e+00   5.1406e-02   1.2697e-03   5.3754e+00   1.3277e-01
   1.4920e+00   3.0786e+00   1.0074e+02   4.9094e-02   5.1336e+00   4.9206e-02   1.6654e-03   5.1453e+00   1.7415e-01
   1.4920e+00   3.0786e+00   1.0807e+02   4.0621e-02   4.2476e+00   3.9584e-02   1.2823e-03   4.1392e+00   1.3409e-01
   1.4920e+00   3.0786e+00   1.0998e+02   3.8985e-02   4.0765e+00   3.9552e-02   1.0278e-03   4.1359e+00   1.0748e-01
   1.4920e+00   3.0786e+00   1.1998e+02   3.3274e-02   3.4793e+00   3.2926e-02   8.1942e-04   3.4430e+00   8.5684e-02
   1.4920e+00   3.0786e+00   1.2998e+02   3.1013e-02   3.2429e+00   3.1540e-02   8.9102e-04   3.2980e+00   9.3171e-02
   1.4920e+00   3.0786e+00   1.3498e+02   3.0707e-02   3.2110e+00   2.9058e-02   1.2535e-03   3.0385e+00   1.3107e-01
   1.4963e+00   3.0829e+00   3.9260e+01   9.3301e-01   9.7247e+01   9.4559e-01   1.9820e-02   9.8558e+01   2.0658e+00
   1.4963e+00   3.0829e+00   4.3569e+01   6.7543e-01   7.0399e+01   6.5265e-01   1.3727e-02   6.8025e+01   1.4308e+00
   1.4963e+00   3.0829e+00   4.9982e+01   4.4535e-01   4.6419e+01   4.5574e-01   1.0680e-02   4.7502e+01   1.1131e+00
   1.4963e+00   3.0829e+00   5.2133e+01   3.9231e-01   4.0890e+01   4.0032e-01   8.3418e-03   4.1725e+01   8.6946e-01
   1.4963e+00   3.0829e+00   5.9980e+01   2.5670e-01   2.6756e+01   2.5500e-01   5.6546e-03   2.6579e+01   5.8938e-01
   1.4963e+00   3.0829e+00   6.0607e+01   2.4867e-01   2.5919e+01   2.4703e-01   5.2538e-03   2.5748e+01   5.4760e-01
   1.4963e+00   3.0829e+00   6.8970e+01   1.6638e-01   1.7342e+01   1.6884e-01   3.7056e-03   1.7598e+01   3.8623e-01
   1.4963e+00   3.0829e+00   6.9978e+01   1.5889e-01   1.6561e+01   1.5530e-01   3.6075e-03   1.6187e+01   3.7601e-01
   1.4963e+00   3.0829e+00   7.7196e+01   1.1574e-01   1.2063e+01   1.1596e-01   2.6638e-03   1.2087e+01   2.7764e-01
   1.4963e+00   3.0829e+00   8.9977e+01   6.9783e-02   7.2734e+00   6.8621e-02   1.6857e-03   7.1523e+00   1.7570e-01
   1.4963e+00   3.0829e+00   9.3115e+01   6.2424e-02   6.5064e+00   6.3109e-02   1.6732e-03   6.5778e+00   1.7439e-01
   1.4963e+00   3.0829e+00   9.9977e+01   5.0054e-02   5.2171e+00   5.0480e-02   1.2475e-03   5.2615e+00   1.3003e-01
   1.4963e+00   3.0829e+00   1.0074e+02   4.8955e-02   5.1025e+00   4.7984e-02   1.4060e-03   5.0014e+00   1.4655e-01
   1.4963e+00   3.0829e+00   1.0807e+02   4.0507e-02   4.2220e+00   3.9434e-02   1.3133e-03   4.1102e+00   1.3688e-01
   1.4963e+00   3.0829e+00   1.0998e+02   3.8876e-02   4.0520e+00   3.9094e-02   9.8911e-04   4.0748e+00   1.0309e-01
   1.4963e+00   3.0829e+00   1.1998e+02   3.3193e-02   3.4597e+00   3.3036e-02   9.5127e-04   3.4433e+00   9.9150e-02
   1.4963e+00   3.0829e+00   1.2998e+02   3.0957e-02   3.2266e+00   3.1487e-02   1.1630e-03   3.2819e+00   1.2122e-01
   1.4963e+00   3.0829e+00   1.3498e+02   3.0662e-02   3.1959e+00   2.9374e-02   1.1431e-03   3.0616e+00   1.1915e-01


   1.4877e+00   3.0743e+00   3.9260e+01   9.4053e-01   9.8668e+01   8.9106e-01   1.8271e-02   9.3479e+01   1.9168e+00
   1.4877e+00   3.0743e+00   4.3569e+01   6.8035e-01   7.1373e+01   7.0857e-01   1.4660e-02   7.4334e+01   1.5379e+00
   1.4877e+00   3.0743e+00   4.9982e+01   4.4817e-01   4.7016e+01   4.4464e-01   9.5093e-03   4.6646e+01   9.9759e-01
   1.4877e+00   3.0743e+00   5.9980e+01   2.5806e-01   2.7072e+01   2.5931e-01   5.5629e-03   2.7203e+01   5.8359e-01
   1.4877e+00   3.0743e+00   6.0607e+01   2.4997e-01   2.6224e+01   2.5381e-01   5.2745e-03   2.6627e+01   5.5334e-01
   1.4877e+00   3.0743e+00   6.8970e+01   1.6719e-01   1.7540e+01   1.7073e-01   3.6434e-03   1.7911e+01   3.8221e-01
   1.4877e+00   3.0743e+00   6.9978e+01   1.5966e-01   1.6750e+01   1.6066e-01   3.4925e-03   1.6854e+01   3.6639e-01
   1.4877e+00   3.0743e+00   7.7196e+01   1.1630e-01   1.2201e+01   1.1655e-01   2.6008e-03   1.2227e+01   2.7284e-01
   1.4877e+00   3.0743e+00   8.9977e+01   7.0153e-02   7.3595e+00   7.1453e-02   1.6000e-03   7.4960e+00   1.6785e-01
   1.4877e+00   3.0743e+00   9.3115e+01   6.2764e-02   6.5844e+00   6.2656e-02   1.5075e-03   6.5730e+00   1.5814e-01
   1.4877e+00   3.0743e+00   9.9977e+01   5.0339e-02   5.2810e+00   5.1190e-02   1.1903e-03   5.3702e+00   1.2487e-01
   1.4877e+00   3.0743e+00   1.0074e+02   4.9234e-02   5.1650e+00   4.8005e-02   1.2469e-03   5.0361e+00   1.3081e-01
   1.4877e+00   3.0743e+00   1.0807e+02   4.0737e-02   4.2737e+00   4.2189e-02   1.1954e-03   4.4260e+00   1.2540e-01
   1.4877e+00   3.0743e+00   1.0998e+02   3.9095e-02   4.1013e+00   3.9665e-02   9.0409e-04   4.1612e+00   9.4846e-02
   1.4877e+00   3.0743e+00   1.2171e+02   3.2761e-02   3.4369e+00   3.2092e-02   1.1775e-03   3.3667e+00   1.2353e-01
   1.4877e+00   3.0743e+00   1.2998e+02   3.1069e-02   3.2594e+00   3.0701e-02   1.2750e-03   3.2208e+00   1.3375e-01
   1.4877e+00   3.0743e+00   1.3498e+02   3.0753e-02   3.2262e+00   2.9280e-02   1.3614e-03   3.0717e+00   1.4283e-01
   1.4877e+00   3.0743e+00   1.3890e+02   3.0761e-02   3.2270e+00   2.9261e-02   1.3337e-03   3.0697e+00   1.3992e-01
   1.4920e+00   3.0786e+00   3.9260e+01   9.3675e-01   9.7953e+01   9.3784e-01   1.9130e-02   9.8067e+01   2.0004e+00
   1.4920e+00   3.0786e+00   4.3569e+01   6.7787e-01   7.0883e+01   6.7768e-01   1.3935e-02   7.0863e+01   1.4571e+00
   1.4920e+00   3.0786e+00   4.9982e+01   4.4675e-01   4.6715e+01   4.5559e-01   9.6163e-03   4.7639e+01   1.0055e+00
   1.4920e+00   3.0786e+00   5.2133e+01   3.9349e-01   4.1146e+01   3.9424e-01   8.0864e-03   4.1224e+01   8.4557e-01
   1.4920e+00   3.0786e+00   5.9980e+01   2.5738e-01   2.6913e+01   2.5892e-01   5.5358e-03   2.7075e+01   5.7886e-01
   1.4920e+00   3.0786e+00   6.0607e+01   2.4932e-01   2.6070e+01   2.4762e-01   5.1477e-03   2.5892e+01   5.3828e-01
   1.4920e+00   3.0786e+00   6.8970e+01   1.6678e-01   1.7440e+01   1.6923e-01   3.6813e-03   1.7696e+01   3.8494e-01
   1.4920e+00   3.0786e+00   6.9978e+01   1.5927e-01   1.6655e+01   1.5646e-01   3.4082e-03   1.6360e+01   3.5638e-01
   1.4920e+00   3.0786e+00   9.3115e+01   6.2593e-02   6.5452e+00   6.1736e-02   1.4921e-03   6.4555e+00   1.5603e-01
   1.4920e+00   3.0786e+00   9.9977e+01   5.0196e-02   5.2488e+00   5.2379e-02   1.2222e-03   5.4770e+00   1.2780e-01
   1.4920e+00   3.0786e+00   1.0074e+02   4.9094e-02   5.1336e+00   5.0196e-02   1.5217e-03   5.2488e+00   1.5912e-01
   1.4920e+00   3.0786e+00   1.0807e+02   4.0621e-02   4.2476e+00   4.2045e-02   1.1673e-03   4.3965e+00   1.2206e-01
   1.4920e+00   3.0786e+00   1.0998e+02   3.8985e-02   4.0765e+00   4.0089e-02   1.0128e-03   4.1920e+00   1.0590e-01
   1.4920e+00   3.0786e+00   1.1998e+02   3.3274e-02   3.4793e+00   3.4446e-02   9.0009e-04   3.6019e+00   9.4120e-02
   1.4920e+00   3.0786e+00   1.2998e+02   3.1013e-02   3.2429e+00   3.0918e-02   1.0872e-03   3.2330e+00   1.1369e-01
   1.4920e+00   3.0786e+00   1.3498e+02   3.0707e-02   3.2110e+00   3.0527e-02   1.3222e-03   3.1921e+00   1.3825e-01
   1.4963e+00   3.0829e+00   3.9260e+01   9.3301e-01   9.7247e+01   9.3869e-01   1.9415e-02   9.7839e+01   2.0237e+00
   1.4963e+00   3.0829e+00   4.3569e+01   6.7543e-01   7.0399e+01   6.5553e-01   1.3390e-02   6.8325e+01   1.3957e+00
   1.4963e+00   3.0829e+00   4.9982e+01   4.4535e-01   4.6419e+01   4.4141e-01   9.6738e-03   4.6008e+01   1.0083e+00
   1.4963e+00   3.0829e+00   5.2133e+01   3.9231e-01   4.0890e+01   4.0111e-01   8.2219e-03   4.1808e+01   8.5696e-01
   1.4963e+00   3.0829e+00   5.9980e+01   2.5670e-01   2.6756e+01   2.6586e-01   5.6781e-03   2.7711e+01   5.9183e-01
   1.4963e+00   3.0829e+00   6.0607e+01   2.4867e-01   2.5919e+01   2.4594e-01   5.1301e-03   2.5634e+01   5.3471e-01
   1.4963e+00   3.0829e+00   6.8970e+01   1.6638e-01   1.7342e+01   1.6267e-01   3.5431e-03   1.6954e+01   3.6929e-01
   1.4963e+00   3.0829e+00   6.9978e+01   1.5889e-01   1.6561e+01   1.6296e-01   3.5479e-03   1.6985e+01   3.6980e-01
   1.4963e+00   3.0829e+00   7.7196e+01   1.1574e-01   1.2063e+01   1.1433e-01   2.5173e-03   1.1916e+01   2.6237e-01
   1.4963e+00   3.0829e+00   8.9977e+01   6.9783e-02   7.2734e+00   6.8298e-02   1.6496e-03   7.1187e+00   1.7194e-01
   1.4963e+00   3.0829e+00   9.3115e+01   6.2424e-02   6.5064e+00   6.2569e-02   1.6054e-03   6.5215e+00   1.6733e-01
   1.4963e+00   3.0829e+00   9.9977e+01   5.0054e-02   5.2171e+00   5.1517e-02   1.1832e-03   5.3696e+00   1.2332e-01
   1.4963e+00   3.0829e+00   1.0074e+02   4.8955e-02   5.1025e+00   4.8457e-02   1.2578e-03   5.0506e+00   1.3110e-01
   1.4963e+00   3.0829e+00   1.0807e+02   4.0507e-02   4.2220e+00   4.0382e-02   1.1528e-03   4.2090e+00   1.2016e-01
   1.4963e+00   3.0829e+00   1.0998e+02   3.8876e-02   4.0520e+00   3.8470e-02   9.2339e-04   4.0097e+00   9.6244e-02
   1.4963e+00   3.0829e+00   1.1998e+02   3.3193e-02   3.4597e+00   3.3712e-02   9.5423e-04   3.5137e+00   9.9459e-02
   1.4963e+00   3.0829e+00   1.2998e+02   3.0957e-02   3.2266e+00   2.9207e-02   1.3184e-03   3.0442e+00   1.3741e-01
   1.4963e+00   3.0829e+00   1.3498e+02   3.0662e-02   3.1959e+00   3.1207e-02   1.4545e-03   3.2527e+00   1.5160e-01


